Received [0]: A
Received [1]: l
Received [2]: a
Received [3]:  
Received [4]: m
Received [5]: a
Received [6]:  
Received [7]: k
Received [8]: o
Received [9]: t
Received [10]: a
Received [11]: .
Received [12]: 

Received [13]: O
Received [14]: l
Received [15]: a
Received [16]:  
Received [17]: n
Received [18]: i
Received [19]: e
Received [20]:  
Received [21]: m
Received [22]: a
Received [23]:  
Received [24]: k
Received [25]: o
Received [26]: t
Received [27]: a
Received [28]: .
Received [29]: 

Received [30]: E
Received [31]: l
Received [32]: a
Received [33]:  
Received [34]: m
Received [35]: a
Received [36]:  
Received [37]: d
Received [38]: w
Received [39]: a
Received [40]:  
Received [41]: k
Received [42]: o
Received [43]: t
Received [44]: y
Received [45]: .
Received [46]: 

